C:\USERS\MAHBUB\DOCUMENTS\VISUAL STUDIO 2010\PROJECTS\IGRAPHIC1.2VS10\DEBUG\IGRAPHIC1.2VS10.EXE
C:\USERS\MAHBUB\DOCUMENTS\VISUAL STUDIO 2010\PROJECTS\IGRAPHIC1.2VS10\DEBUG\IGRAPHIC1.2VS10.ILK
C:\USERS\MAHBUB\DOCUMENTS\VISUAL STUDIO 2010\PROJECTS\IGRAPHIC1.2VS10\DEBUG\IGRAPHIC1.2VS10.PDB
C:\USERS\MAHBUB\DOCUMENTS\VISUAL STUDIO 2010\PROJECTS\IGRAPHIC1.2VS10\IGRAPHIC1.2VS10\DEBUG\IGRAPHIC1.2VS10.EXE.EMBED.MANIFEST
C:\USERS\MAHBUB\DOCUMENTS\VISUAL STUDIO 2010\PROJECTS\IGRAPHIC1.2VS10\IGRAPHIC1.2VS10\DEBUG\IGRAPHIC1.2VS10.EXE.EMBED.MANIFEST.RES
C:\USERS\MAHBUB\DOCUMENTS\VISUAL STUDIO 2010\PROJECTS\IGRAPHIC1.2VS10\IGRAPHIC1.2VS10\DEBUG\IGRAPHIC1.2VS10.EXE.INTERMEDIATE.MANIFEST
C:\USERS\MAHBUB\DOCUMENTS\VISUAL STUDIO 2010\PROJECTS\IGRAPHIC1.2VS10\IGRAPHIC1.2VS10\DEBUG\IMAIN.OBJ
C:\USERS\MAHBUB\DOCUMENTS\VISUAL STUDIO 2010\PROJECTS\IGRAPHIC1.2VS10\IGRAPHIC1.2VS10\DEBUG\VC100.PDB
G:\New folder\iGraphic1.2VS10\iGraphic1.2VS10\Debug\iGraphic1.2VS10.exe
G:\New folder\iGraphic1.2VS10\iGraphic1.2VS10\Debug\iGraphic1.2VS10.ilk
G:\New folder\iGraphic1.2VS10\iGraphic1.2VS10\Debug\iGraphic1.2VS10.pdb
G:\New folder\iGraphic1.2VS10\iGraphic1.2VS10\iGraphic1.2VS10\Debug\cl.command.1.tlog
G:\New folder\iGraphic1.2VS10\iGraphic1.2VS10\iGraphic1.2VS10\Debug\CL.read.1.tlog
G:\New folder\iGraphic1.2VS10\iGraphic1.2VS10\iGraphic1.2VS10\Debug\CL.write.1.tlog
G:\New folder\iGraphic1.2VS10\iGraphic1.2VS10\iGraphic1.2VS10\Debug\iGraphic1.2VS10.exe.embed.manifest
G:\New folder\iGraphic1.2VS10\iGraphic1.2VS10\iGraphic1.2VS10\Debug\iGraphic1.2VS10.exe.embed.manifest.res
G:\New folder\iGraphic1.2VS10\iGraphic1.2VS10\iGraphic1.2VS10\Debug\iGraphic1.2VS10.exe.intermediate.manifest
G:\New folder\iGraphic1.2VS10\iGraphic1.2VS10\iGraphic1.2VS10\Debug\iGraphic1.2VS10.vcxprojResolveAssemblyReference.cache
G:\New folder\iGraphic1.2VS10\iGraphic1.2VS10\iGraphic1.2VS10\Debug\iGraphic1.2VS10.write.1.tlog
G:\New folder\iGraphic1.2VS10\iGraphic1.2VS10\iGraphic1.2VS10\Debug\iGraphic1.2VS10_manifest.rc
G:\New folder\iGraphic1.2VS10\iGraphic1.2VS10\iGraphic1.2VS10\Debug\iMain.obj
G:\New folder\iGraphic1.2VS10\iGraphic1.2VS10\iGraphic1.2VS10\Debug\link.7536.read.1.tlog
G:\New folder\iGraphic1.2VS10\iGraphic1.2VS10\iGraphic1.2VS10\Debug\link.7536.write.1.tlog
G:\New folder\iGraphic1.2VS10\iGraphic1.2VS10\iGraphic1.2VS10\Debug\link.7536-cvtres.read.1.tlog
G:\New folder\iGraphic1.2VS10\iGraphic1.2VS10\iGraphic1.2VS10\Debug\link.7536-cvtres.write.1.tlog
G:\New folder\iGraphic1.2VS10\iGraphic1.2VS10\iGraphic1.2VS10\Debug\link.command.1.tlog
G:\New folder\iGraphic1.2VS10\iGraphic1.2VS10\iGraphic1.2VS10\Debug\link.read.1.tlog
G:\New folder\iGraphic1.2VS10\iGraphic1.2VS10\iGraphic1.2VS10\Debug\link.write.1.tlog
G:\New folder\iGraphic1.2VS10\iGraphic1.2VS10\iGraphic1.2VS10\Debug\link-cvtres.read.1.tlog
G:\New folder\iGraphic1.2VS10\iGraphic1.2VS10\iGraphic1.2VS10\Debug\link-cvtres.write.1.tlog
G:\New folder\iGraphic1.2VS10\iGraphic1.2VS10\iGraphic1.2VS10\Debug\mt.command.1.tlog
G:\New folder\iGraphic1.2VS10\iGraphic1.2VS10\iGraphic1.2VS10\Debug\mt.read.1.tlog
G:\New folder\iGraphic1.2VS10\iGraphic1.2VS10\iGraphic1.2VS10\Debug\mt.write.1.tlog
G:\New folder\iGraphic1.2VS10\iGraphic1.2VS10\iGraphic1.2VS10\Debug\rc.command.1.tlog
G:\New folder\iGraphic1.2VS10\iGraphic1.2VS10\iGraphic1.2VS10\Debug\rc.read.1.tlog
G:\New folder\iGraphic1.2VS10\iGraphic1.2VS10\iGraphic1.2VS10\Debug\rc.write.1.tlog
G:\New folder\iGraphic1.2VS10\iGraphic1.2VS10\iGraphic1.2VS10\Debug\vc100.idb
G:\New folder\iGraphic1.2VS10\iGraphic1.2VS10\iGraphic1.2VS10\Debug\vc100.pdb
